d:\projects\scanner\opencv\opencv_features2d\opencv_features2d.windows\debug\akaze.obj
d:\projects\scanner\opencv\opencv_features2d\opencv_features2d.windows\debug\dynamic.obj
d:\projects\scanner\opencv\opencv_features2d\opencv_features2d.windows\debug\fast_score.obj
d:\projects\scanner\opencv\opencv_features2d\opencv_features2d.windows\debug\kaze.obj
d:\projects\scanner\opencv\opencv_features2d\opencv_features2d.windows\debug\agast.obj
d:\projects\scanner\opencv\opencv_features2d\opencv_features2d.windows\debug\draw.obj
d:\projects\scanner\opencv\opencv_features2d\opencv_features2d.windows\debug\evaluation.obj
d:\projects\scanner\opencv\opencv_features2d\opencv_features2d.windows\debug\keypoint.obj
d:\projects\scanner\opencv\opencv_features2d\opencv_features2d.windows\debug\bagofwords.obj
d:\projects\scanner\opencv\opencv_features2d\opencv_features2d.windows\debug\blobdetector.obj
d:\projects\scanner\opencv\opencv_features2d\opencv_features2d.windows\debug\gftt.obj
d:\projects\scanner\opencv\opencv_features2d\opencv_features2d.windows\debug\agast_score.obj
d:\projects\scanner\opencv\opencv_features2d\opencv_features2d.windows\debug\brisk.obj
d:\projects\scanner\opencv\opencv_features2d\opencv_features2d.windows\debug\feature2d.obj
d:\projects\scanner\opencv\opencv_features2d\opencv_features2d.windows\debug\mser.obj
d:\projects\scanner\opencv\opencv_features2d\opencv_features2d.windows\debug\vc120.pdb
d:\projects\scanner\debug\opencv_features2d.windows\opencv_features2d.windows.lib
d:\projects\scanner\opencv\opencv_features2d\opencv_features2d.windows\debug\priconfig.xml
d:\projects\scanner\opencv\opencv_features2d\opencv_features2d.windows\debug\priconfig.xml.intermediate
d:\projects\scanner\opencv\opencv_features2d\opencv_features2d.windows\debug\layout.resfiles
d:\projects\scanner\opencv\opencv_features2d\opencv_features2d.windows\debug\layout.resfiles.intermediate
d:\projects\scanner\opencv\opencv_features2d\opencv_features2d.windows\debug\resources.resfiles
d:\projects\scanner\opencv\opencv_features2d\opencv_features2d.windows\debug\resources.resfiles.intermediate
d:\projects\scanner\opencv\opencv_features2d\opencv_features2d.windows\debug\pri.resfiles
d:\projects\scanner\opencv\opencv_features2d\opencv_features2d.windows\debug\pri.resfiles.intermediate
d:\projects\scanner\debug\opencv_features2d.windows\opencv_features2d.pri
d:\projects\scanner\opencv\opencv_features2d\opencv_features2d.windows\debug\qualifiers.txt
d:\projects\scanner\opencv\opencv_features2d\opencv_features2d.windows\debug\qualifiers.txt.intermediate
d:\projects\scanner\opencv\opencv_features2d\opencv_features2d.windows\debug\multiplequalifiersperdimensionfound.txt
d:\projects\scanner\opencv\opencv_features2d\opencv_features2d.windows\debug\vc120.idb
d:\projects\scanner\opencv\opencv_features2d\opencv_features2d.windows\debug\opencv_f.c75da0f2.tlog\cl.command.1.tlog
d:\projects\scanner\opencv\opencv_features2d\opencv_features2d.windows\debug\opencv_f.c75da0f2.tlog\cl.read.1.tlog
d:\projects\scanner\opencv\opencv_features2d\opencv_features2d.windows\debug\opencv_f.c75da0f2.tlog\cl.write.1.tlog
d:\projects\scanner\opencv\opencv_features2d\opencv_features2d.windows\debug\opencv_f.c75da0f2.tlog\lib-link.read.1.tlog
d:\projects\scanner\opencv\opencv_features2d\opencv_features2d.windows\debug\opencv_f.c75da0f2.tlog\lib-link.write.1.tlog
d:\projects\scanner\opencv\opencv_features2d\opencv_features2d.windows\debug\opencv_f.c75da0f2.tlog\lib.command.1.tlog
d:\projects\scanner\opencv\opencv_features2d\opencv_features2d.windows\debug\opencv_f.c75da0f2.tlog\opencv_features2d.windows.read.1u.tlog
d:\projects\scanner\opencv\opencv_features2d\opencv_features2d.windows\debug\opencv_f.c75da0f2.tlog\opencv_features2d.windows.write.1u.tlog
