d:\projects\scanner\zlib\zlib.windows\debug\adler32.obj
d:\projects\scanner\zlib\zlib.windows\debug\gzclose.obj
d:\projects\scanner\zlib\zlib.windows\debug\gzwrite.obj
d:\projects\scanner\zlib\zlib.windows\debug\uncompr.obj
d:\projects\scanner\zlib\zlib.windows\debug\deflate.obj
d:\projects\scanner\zlib\zlib.windows\debug\inffast.obj
d:\projects\scanner\zlib\zlib.windows\debug\inftrees.obj
d:\projects\scanner\zlib\zlib.windows\debug\crc32.obj
d:\projects\scanner\zlib\zlib.windows\debug\gzlib.obj
d:\projects\scanner\zlib\zlib.windows\debug\infback.obj
d:\projects\scanner\zlib\zlib.windows\debug\trees.obj
d:\projects\scanner\zlib\zlib.windows\debug\compress.obj
d:\projects\scanner\zlib\zlib.windows\debug\gzread.obj
d:\projects\scanner\zlib\zlib.windows\debug\inflate.obj
d:\projects\scanner\zlib\zlib.windows\debug\zutil.obj
d:\projects\scanner\zlib\zlib.windows\debug\vc120.pdb
d:\projects\scanner\debug\zlib.windows\zlib.windows.lib
d:\projects\scanner\zlib\zlib.windows\debug\priconfig.xml
d:\projects\scanner\zlib\zlib.windows\debug\priconfig.xml.intermediate
d:\projects\scanner\zlib\zlib.windows\debug\layout.resfiles
d:\projects\scanner\zlib\zlib.windows\debug\layout.resfiles.intermediate
d:\projects\scanner\zlib\zlib.windows\debug\resources.resfiles
d:\projects\scanner\zlib\zlib.windows\debug\resources.resfiles.intermediate
d:\projects\scanner\zlib\zlib.windows\debug\pri.resfiles
d:\projects\scanner\zlib\zlib.windows\debug\pri.resfiles.intermediate
d:\projects\scanner\debug\zlib.windows\zlib.pri
d:\projects\scanner\zlib\zlib.windows\debug\qualifiers.txt
d:\projects\scanner\zlib\zlib.windows\debug\qualifiers.txt.intermediate
d:\projects\scanner\zlib\zlib.windows\debug\multiplequalifiersperdimensionfound.txt
d:\projects\scanner\zlib\zlib.windows\debug\vc120.idb
d:\projects\scanner\zlib\zlib.windows\debug\zlib.windows.tlog\cl.command.1.tlog
d:\projects\scanner\zlib\zlib.windows\debug\zlib.windows.tlog\cl.read.1.tlog
d:\projects\scanner\zlib\zlib.windows\debug\zlib.windows.tlog\cl.write.1.tlog
d:\projects\scanner\zlib\zlib.windows\debug\zlib.windows.tlog\lib-link.read.1.tlog
d:\projects\scanner\zlib\zlib.windows\debug\zlib.windows.tlog\lib-link.write.1.tlog
d:\projects\scanner\zlib\zlib.windows\debug\zlib.windows.tlog\lib.command.1.tlog
d:\projects\scanner\zlib\zlib.windows\debug\zlib.windows.tlog\zlib.windows.read.1u.tlog
d:\projects\scanner\zlib\zlib.windows\debug\zlib.windows.tlog\zlib.windows.write.1u.tlog
