d:\projects\scanner\opencvrt\opencvrt.windows\debug\pch.pch
d:\projects\scanner\opencvrt\opencvrt.windows\debug\vc120.pdb
d:\projects\scanner\opencvrt\opencvrt.windows\debug\vc120.idb
d:\projects\scanner\opencvrt\opencvrt.windows\debug\pch.obj
d:\projects\scanner\opencvrt\opencvrt.windows\debug\opencvimageprocess.obj
d:\projects\scanner\debug\opencvrt.windows\opencvrt.windows.ilk
d:\projects\scanner\debug\opencvrt.windows\opencvrt.windows.dll
d:\projects\scanner\debug\opencvrt.windows\opencvrt.windows.pdb
d:\projects\scanner\debug\opencvrt.windows\opencvrt.winmd
d:\projects\scanner\debug\opencvrt.windows\opencvrt.windows.lib
d:\projects\scanner\debug\opencvrt.windows\opencvrt.windows.exp
d:\projects\scanner\opencvrt\opencvrt.windows\debug\opencvrt.windows.vcxprojresolveassemblyreference.cache
d:\projects\scanner\opencvrt\opencvrt.windows\debug\priconfig.xml
d:\projects\scanner\opencvrt\opencvrt.windows\debug\priconfig.xml.intermediate
d:\projects\scanner\opencvrt\opencvrt.windows\debug\layout.resfiles
d:\projects\scanner\opencvrt\opencvrt.windows\debug\layout.resfiles.intermediate
d:\projects\scanner\opencvrt\opencvrt.windows\debug\resources.resfiles
d:\projects\scanner\opencvrt\opencvrt.windows\debug\resources.resfiles.intermediate
d:\projects\scanner\opencvrt\opencvrt.windows\debug\pri.resfiles
d:\projects\scanner\opencvrt\opencvrt.windows\debug\pri.resfiles.intermediate
d:\projects\scanner\debug\opencvrt.windows\opencvrt.pri
d:\projects\scanner\opencvrt\opencvrt.windows\debug\qualifiers.txt
d:\projects\scanner\opencvrt\opencvrt.windows\debug\qualifiers.txt.intermediate
d:\projects\scanner\opencvrt\opencvrt.windows\debug\multiplequalifiersperdimensionfound.txt
d:\projects\scanner\opencvrt\opencvrt.windows\debug\opencvrt.windows.tlog\cl.command.1.tlog
d:\projects\scanner\opencvrt\opencvrt.windows\debug\opencvrt.windows.tlog\cl.read.1.tlog
d:\projects\scanner\opencvrt\opencvrt.windows\debug\opencvrt.windows.tlog\cl.write.1.tlog
d:\projects\scanner\opencvrt\opencvrt.windows\debug\opencvrt.windows.tlog\link.command.1.tlog
d:\projects\scanner\opencvrt\opencvrt.windows\debug\opencvrt.windows.tlog\link.read.1.tlog
d:\projects\scanner\opencvrt\opencvrt.windows\debug\opencvrt.windows.tlog\link.write.1.tlog
d:\projects\scanner\opencvrt\opencvrt.windows\debug\opencvrt.windows.tlog\opencvrt.windows.read.1u.tlog
d:\projects\scanner\opencvrt\opencvrt.windows\debug\opencvrt.windows.tlog\opencvrt.windows.write.1u.tlog
